<?xml version="1.0" encoding="UTF-8"?>
<!-- Generated by org.testng.reporters.JUnitReportReporter -->
<testsuite hostname="LAPTOP-G5KEBRKS" failures="0" tests="1" name="org.shoppingportal.admin.manageproduct.EditProductToManageProduct" time="7.783" errors="0" timestamp="2022-07-20T10:39:19 IST" skipped="0">
  <testcase classname="org.shoppingportal.admin.manageproduct.EditProductToManageProduct" name="editProductToManageProduct" time="7.783"/>
  <system-out>
    <![CDATA[Test case Pass]]>
  </system-out>
</testsuite> <!-- org.shoppingportal.admin.manageproduct.EditProductToManageProduct -->
