<?xml version="1.0" encoding="UTF-8"?>
<!-- Generated by org.testng.reporters.JUnitReportReporter -->
<testsuite hostname="LAPTOP-G5KEBRKS" failures="0" tests="1" name="org.shoppingportal.admin.insertproduct.CreateInsertProductToWishlist" time="9.689" errors="0" timestamp="2022-07-20T10:36:30 IST" skipped="0">
  <testcase classname="org.shoppingportal.admin.insertproduct.CreateInsertProductToWishlist" name="createInsertProductToWishlist" time="9.689"/>
  <system-out>
    <![CDATA[Test case Pass]]>
  </system-out>
</testsuite> <!-- org.shoppingportal.admin.insertproduct.CreateInsertProductToWishlist -->
